<?xml version="1.0" encoding="UTF-8"?>
<!-- Generated by org.testng.reporters.JUnitXMLReporter -->
<testsuite ignored="3" hostname="DESKTOP-MCMDN00" failures="0" tests="1" name="Default test" time="40.131" errors="0" timestamp="2026-05-04T09:41:05 IST">
  <testcase classname="com.Franciscan.Test.CreateTemplateTest" name="tc_003_verifyOrientationChange_LandscapeToPortrait" time="3.689"/>
  <testcase classname="com.Franciscan.Test.CreateTemplateTest" name="tc_001_verifyCreateTemplateNavigation" time="0.0">
    <ignored/>
  </testcase> <!-- tc_001_verifyCreateTemplateNavigation -->
  <testcase classname="com.Franciscan.Test.CreateTemplateTest" name="tc_004_verifyUserIsAbleToSaveBankTemplate" time="0.0">
    <ignored/>
  </testcase> <!-- tc_004_verifyUserIsAbleToSaveBankTemplate -->
  <testcase classname="com.Franciscan.Test.CreateTemplateTest" name="tc_002_verifyIdCardTypeSelection" time="0.0">
    <ignored/>
  </testcase> <!-- tc_002_verifyIdCardTypeSelection -->
</testsuite> <!-- Default test -->
