<?xml version="1.0" encoding="UTF-8"?>
<testng-results ignored="0" total="1" passed="1" failed="0" skipped="0">
  <reporter-output>
  </reporter-output>
  <suite started-at="2026-05-04T09:40:25 IST" name="Default suite" finished-at="2026-05-04T09:41:05 IST" duration-ms="40131">
    <groups>
    </groups>
    <test started-at="2026-05-04T09:40:25 IST" name="Default test" finished-at="2026-05-04T09:41:05 IST" duration-ms="40131">
      <class name="com.Franciscan.Test.CreateTemplateTest">
        <test-method is-config="true" signature="start()[pri:0, instance:com.Franciscan.Test.CreateTemplateTest@4c371370]" started-at="2026-05-04T09:40:25 IST" name="start" finished-at="2026-05-04T09:40:41 IST" duration-ms="15748" status="PASS">
          <reporter-output>
          </reporter-output>
        </test-method> <!-- start -->
        <test-method signature="tc_003_verifyOrientationChange_LandscapeToPortrait()[pri:0, instance:com.Franciscan.Test.CreateTemplateTest@4c371370]" started-at="2026-05-04T09:40:41 IST" name="tc_003_verifyOrientationChange_LandscapeToPortrait" finished-at="2026-05-04T09:40:45 IST" duration-ms="3689" status="PASS">
          <reporter-output>
          </reporter-output>
        </test-method> <!-- tc_003_verifyOrientationChange_LandscapeToPortrait -->
        <test-method is-config="true" signature="close()[pri:0, instance:com.Franciscan.Test.CreateTemplateTest@4c371370]" started-at="2026-05-04T09:40:45 IST" name="close" finished-at="2026-05-04T09:41:05 IST" duration-ms="20608" status="PASS">
          <reporter-output>
          </reporter-output>
        </test-method> <!-- close -->
      </class> <!-- com.Franciscan.Test.CreateTemplateTest -->
    </test> <!-- Default test -->
  </suite> <!-- Default suite -->
</testng-results>
